TN:
SF:Library1.cql
DA:5,4
BRDA:5,0,0,1
BRDA:5,0,1,1
BRDA:5,1,0,1
BRDA:5,2,0,1
DA:7,4
BRDA:7,0,0,1
BRDA:7,0,1,1
BRDA:7,1,0,1
BRDA:7,2,0,1
DA:9,5
BRDA:9,0,0,1
BRDA:9,0,1,1
BRDA:9,0,2,1
BRDA:9,1,0,1
BRDA:9,2,0,1
DA:11,4
BRDA:11,0,0,1
BRDA:11,0,1,1
BRDA:11,1,0,1
BRDA:11,2,0,1
DA:12,2
BRDA:12,0,0,0
BRDA:12,1,0,1
BRDA:12,2,0,1
DA:14,4
BRDA:14,0,0,1
BRDA:14,0,1,1
BRDA:14,1,0,1
BRDA:14,2,0,1
DA:15,2
BRDA:15,0,0,0
BRDA:15,1,0,1
BRDA:15,2,0,1
DA:17,2
BRDA:17,0,0,1
BRDA:17,1,0,1
DA:18,4
BRDA:18,0,0,1
BRDA:18,0,1,1
BRDA:18,0,2,0
BRDA:18,1,0,1
BRDA:18,2,0,1
DA:20,3
BRDA:20,0,0,1
BRDA:20,0,1,0
BRDA:20,1,0,1
BRDA:20,2,0,1
DA:21,3
BRDA:21,0,0,1
BRDA:21,1,0,1
BRDA:21,2,0,1
DA:23,3
BRDA:23,0,0,1
BRDA:23,0,1,0
BRDA:23,1,0,1
BRDA:23,2,0,1
DA:24,3
BRDA:24,0,0,1
BRDA:24,1,0,1
BRDA:24,2,0,1
DA:26,3
BRDA:26,0,0,1
BRDA:26,1,0,1
BRDA:26,2,0,1
DA:27,4
BRDA:27,0,0,1
BRDA:27,1,0,1
BRDA:27,2,0,1
BRDA:27,3,0,1
DA:28,4
BRDA:28,0,0,1
BRDA:28,1,0,1
BRDA:28,2,0,1
BRDA:28,3,0,1
DA:29,4
BRDA:29,0,0,1
BRDA:29,1,0,1
BRDA:29,2,0,1
BRDA:29,3,0,1
DA:30,3
BRDA:30,0,0,1
BRDA:30,1,0,1
BRDA:30,2,0,1
BRF:66
BRH:61
end_of_record
TN:
SF:Library2.cql
DA:3,4
BRDA:3,0,0,1
BRDA:3,0,1,1
BRDA:3,0,2,0
BRDA:3,1,0,1
BRDA:3,2,0,1
DA:5,0
BRDA:5,0,0,0
BRDA:5,1,0,0
DA:7,1
BRDA:7,0,0,1
DA:8,6
BRDA:8,0,0,1
BRDA:8,0,1,1
BRDA:8,1,0,0
BRDA:8,1,1,0
BRDA:8,2,0,1
BRDA:8,2,1,1
BRDA:8,2,2,0
BRDA:8,3,0,1
BRDA:8,4,0,1
BRF:17
BRH:11
end_of_record
